<?xml version="1.0" encoding="UTF-8"?>
<testng-results skipped="0" failed="0" ignored="0" total="1" passed="1">
  <reporter-output>
  </reporter-output>
  <suite name="Default suite" duration-ms="1833" started-at="2021-03-09T02:35:49Z" finished-at="2021-03-09T02:35:51Z">
    <groups>
    </groups>
    <test name="Default test" duration-ms="1833" started-at="2021-03-09T02:35:49Z" finished-at="2021-03-09T02:35:51Z">
      <class name="testCase.Read_A_Product">
        <test-method status="PASS" signature="read_A_Products()[pri:0, instance:testCase.Read_A_Product@78aab498]" name="read_A_Products" duration-ms="1815" started-at="2021-03-09T02:35:49Z" finished-at="2021-03-09T02:35:51Z">
          <reporter-output>
          </reporter-output>
        </test-method> <!-- read_A_Products -->
      </class> <!-- testCase.Read_A_Product -->
    </test> <!-- Default test -->
  </suite> <!-- Default suite -->
</testng-results>
